#-----------------------------------------------------------
# Vivado v2014.1 (64-bit)
# SW Build 881834 on Fri Apr  4 14:15:54 MDT 2014
# IP Build 877625 on Fri Mar 28 16:29:15 MDT 2014
# Start of session at: Fri Apr 10 15:07:40 2015
# Process ID: 9264
# Log file: C:/Users/Gustavo/Desktop/Project/HoleInTheWall11/HoleInTheWall9/HoleInTheWall/vivado.log
# Journal file: C:/Users/Gustavo/Desktop/Project/HoleInTheWall11/HoleInTheWall9/HoleInTheWall\vivado.jou
#-----------------------------------------------------------
start_gui
open_project {C:\Users\Gustavo\Desktop\Project\HoleInTheWall11\HoleInTheWall9\HoleInTheWall\HoleInTheWall.xpr}
INFO: [Project 1-313] Project file moved from 'C:/Users/Gustavo/Desktop/HoleInTheWall9/HoleInTheWall9/HoleInTheWall' since last save.
INFO: [filemgmt 56-1] IP Repository Path: Directory not found as 'C:/Users/Gustavo/Desktop/UofT/Digital_Systems_Design/HoleInTheWall6'; using path 'C:/Users/Gustavo/UofT/Digital_Systems_Design/HoleInTheWall6' instead.
INFO: [filemgmt 56-1] IP Repository Path: Directory not found as 'C:/Users/Gustavo/Desktop/UofT/Digital_Systems_Design/HoleInTheWall6'; using path 'C:/Users/Gustavo/UofT/Digital_Systems_Design/HoleInTheWall6' instead.
Scanning sources...
Finished scanning sources
INFO: [IP_Flow 19-234] Refreshing IP repositories
INFO: [IP_Flow 19-1700] Loaded user IP repository 'c:/Users/Gustavo/Desktop/Project/HoleInTheWall11/HoleInTheWall9/IP'.
INFO: [IP_Flow 19-2313] Loaded Vivado IP repository 'C:/Xilinx/Vivado/2014.1/data/ip'.
open_project: Time (s): cpu = 00:00:48 ; elapsed = 00:01:15 . Memory (MB): peak = 925.305 ; gain = 155.488
launch_sdk -workspace C:/Users/Gustavo/Desktop/Project/HoleInTheWall11/HoleInTheWall9/HoleInTheWall/HoleInTheWall.sdk/SDK/SDK_Export -hwspec C:/Users/Gustavo/Desktop/Project/HoleInTheWall11/HoleInTheWall9/HoleInTheWall/HoleInTheWall.sdk/SDK/SDK_Export/hw/Hole.xml
INFO: [Vivado 12-393] Launching SDK...
INFO: [Vivado 12-417] Running xsdk -workspace C:/Users/Gustavo/Desktop/Project/HoleInTheWall11/HoleInTheWall9/HoleInTheWall/HoleInTheWall.sdk/SDK/SDK_Export -hwspec C:/Users/Gustavo/Desktop/Project/HoleInTheWall11/HoleInTheWall9/HoleInTheWall/HoleInTheWall.sdk/SDK/SDK_Export/hw/Hole.xml
INFO: [Vivado 12-3157] SDK launch initiated. Please check console for any further messages.
exit
INFO: [Common 17-206] Exiting Vivado at Fri Apr 10 15:27:10 2015...
